#
# A fatal error has been detected by the Java Runtime Environment:
#
#  SIGSEGV (0xb) at pc=0x00007f1a7b75d8e8, pid=6336, tid=0x00007f1a7bfff700
#
# JRE version: OpenJDK Runtime Environment (8.0_111-b14) (build 1.8.0_111-8u111-b14-3~14.04.1-b14)
# Java VM: OpenJDK 64-Bit Server VM (25.111-b14 mixed mode linux-amd64 compressed oops)
# Problematic frame:
# C  [librocksdbjni3550778654157569255..so+0x15b8e8]  Java_org_rocksdb_RocksDB_write0+0x48
#
# Failed to write core dump. Core dumps have been disabled. To enable core dumping, try "ulimit -c unlimited" before starting Java again
#
# If you would like to submit a bug report, please visit:
#   http://bugreport.java.com/bugreport/crash.jsp
# The crash happened outside the Java Virtual Machine in native code.
# See problematic frame for where to report the bug.
#

---------------  T H R E A D  ---------------

Current thread (0x00007f1ad0bd3000):  JavaThread "StreamThread-1" [_thread_in_native, id=6376, stack(0x00007f1a7beff000,0x00007f1a7c000000)]

siginfo: si_signo: 11 (SIGSEGV), si_code: 1 (SEGV_MAPERR), si_addr: 0x0000000000000000

Registers:
RAX=0x0000000000000000, RBX=0x00007f1ad0bd31e0, RCX=0x00007f1a70139250, RDX=0x0000000000000042
RSP=0x00007f1a7bffe490, RBP=0x00007f1a7bffe4f0, RSI=0x00007f1a7bffe5b0, RDI=0x00007f1ad0bd31e0
R8 =0x00000000d9546898, R9 =0x00000000d92ea5c0, R10=0x0000000000000028, R11=0x00007f1ad6c19ce4
R12=0x00007f1a7bbf4b50, R13=0x00007f1a70016870, R14=0x00007f1a70139250, R15=0x00007f1a7bffe5b0
RIP=0x00007f1a7b75d8e8, EFLAGS=0x0000000000010246, CSGSFS=0x0000000000000033, ERR=0x0000000000000004
  TRAPNO=0x000000000000000e

Top of Stack: (sp=0x00007f1a7bffe490)
0x00007f1a7bffe490:   0000000000000020 00007f1ad5afc282
0x00007f1a7bffe4a0:   0000000000000000 00007f1a70139250
0x00007f1a7bffe4b0:   00007f1a7bffe4f0 00007f1a70139268
0x00007f1a7bffe4c0:   0000000000000000 00007f1aa84535c0
0x00007f1a7bffe4d0:   0000000000000000 00007f1aa84535b8
0x00007f1a7bffe4e0:   00007f1a7bffe5b0 00007f1ad0bd3000
0x00007f1a7bffe4f0:   00007f1a7bffe570 00007f1ac1017774
0x00007f1a7bffe500:   00007f1ac1007ffd 00007f1aa84a5100
0x00007f1a7bffe510:   0000000000000000 00007f1aa84a5100
0x00007f1a7bffe520:   0000000000000000 00007f1ad0bd3000
0x00007f1a7bffe530:   00007f1a7bffe530 0000000000000000
0x00007f1a7bffe540:   00007f1a7bffe5b0 00007f1aa84555c8
0x00007f1a7bffe550:   0000000000000000 00007f1aa84535c0
0x00007f1a7bffe560:   0000000000000000 00007f1a7bffe590
0x00007f1a7bffe570:   00007f1a7bffe5f8 00007f1ac1007ffd
0x00007f1a7bffe580:   0000000000000000 00007f1ac1011278
0x00007f1a7bffe590:   00007f1a70139250 00007f1ac1007ffd
0x00007f1a7bffe5a0:   00007f1a70016870 00007f1ac1011278
0x00007f1a7bffe5b0:   00000000d92ea5c0 00007f1a7bffe5b8
0x00007f1a7bffe5c0:   00007f1aa8450b99 00007f1a7bffe618
0x00007f1a7bffe5d0:   00007f1aa84555c8 0000000000000000
0x00007f1a7bffe5e0:   00007f1aa8450ba8 00007f1a7bffe590
0x00007f1a7bffe5f0:   00007f1a7bffe608 00007f1a7bffe660
0x00007f1a7bffe600:   00007f1ac1007ffd 00000000d9546920
0x00007f1a7bffe610:   00000000d9293ba0 00000000d92ea5c0
0x00007f1a7bffe620:   00007f1a7bffe620 00007f1aa842c3bb
0x00007f1a7bffe630:   00007f1a7bffe690 00007f1aa842f498
0x00007f1a7bffe640:   0000000000000000 00007f1aa842c448
0x00007f1a7bffe650:   00007f1a7bffe608 00007f1a7bffe688
0x00007f1a7bffe660:   00007f1a7bffe6d8 00007f1ac1007ffd
0x00007f1a7bffe670:   0000000000000000 00000000d9546960
0x00007f1a7bffe680:   00000000d9546920 00000000d9546898 

Instructions: (pc=0x00007f1a7b75d8e8)
0x00007f1a7b75d8c8:   00 0f 84 91 00 00 00 48 8b 15 62 10 49 00 48 8b
0x00007f1a7b75d8d8:   03 48 8b 12 4c 89 fe 48 89 df ff 90 28 03 00 00
0x00007f1a7b75d8e8:   4c 8b 00 48 89 c6 48 8d 7d b0 4c 89 f1 4c 89 ea
0x00007f1a7b75d8f8:   41 ff 50 60 8b 45 b0 85 c0 74 39 48 8b 7d b8 89 

Register to memory mapping:

RAX=0x0000000000000000 is an unknown value
RBX=0x00007f1ad0bd31e0 is an unknown value
RCX=0x00007f1a70139250 is an unknown value
RDX=0x0000000000000042 is an unknown value
RSP=0x00007f1a7bffe490 is pointing into the stack for thread: 0x00007f1ad0bd3000
RBP=0x00007f1a7bffe4f0 is pointing into the stack for thread: 0x00007f1ad0bd3000
RSI=0x00007f1a7bffe5b0 is pointing into the stack for thread: 0x00007f1ad0bd3000
RDI=0x00007f1ad0bd31e0 is an unknown value
R8 =0x00000000d9546898 is an oop
java.util.ArrayList 
 - klass: 'java/util/ArrayList'
R9 =0x00000000d92ea5c0 is an oop
org.rocksdb.RocksDB 
 - klass: 'org/rocksdb/RocksDB'
R10=0x0000000000000028 is an unknown value
R11=0x00007f1ad6c19ce4: <offset 0xed4ce4> in /usr/lib/jvm/java-8-openjdk-amd64/jre/lib/amd64/server/libjvm.so at 0x00007f1ad5d45000
R12=0x00007f1a7bbf4b50: _ZGVZN7rocksdb18RocksDBNativeClassIPNS_2DBENS_10RocksDBJniEE16getHandleFieldIDEP7JNIEnv_E3fid+0 in /tmp/librocksdbjni3550778654157569255..so at 0x00007f1a7b602000
R13=0x00007f1a70016870 is an unknown value
R14=0x00007f1a70139250 is an unknown value
R15=0x00007f1a7bffe5b0 is pointing into the stack for thread: 0x00007f1ad0bd3000


Stack: [0x00007f1a7beff000,0x00007f1a7c000000],  sp=0x00007f1a7bffe490,  free space=1021k
Native frames: (J=compiled Java code, j=interpreted, Vv=VM code, C=native code)
C  [librocksdbjni3550778654157569255..so+0x15b8e8]  Java_org_rocksdb_RocksDB_write0+0x48
j  org.rocksdb.RocksDB.write0(JJ)V+0
j  org.rocksdb.RocksDB.write(Lorg/rocksdb/WriteOptions;Lorg/rocksdb/WriteBatch;)V+9
j  org.apache.kafka.streams.state.internals.RocksDBStore.putAllInternal(Ljava/util/List;)V+67
j  org.apache.kafka.streams.state.internals.RocksDBStore.flushCache()V+163
j  org.apache.kafka.streams.state.internals.RocksDBStore.flush()V+1
j  org.apache.kafka.streams.state.internals.MeteredKeyValueStore.flush()V+14
j  org.apache.kafka.streams.processor.internals.ProcessorStateManager.close(Ljava/util/Map;)V+81
j  org.apache.kafka.streams.processor.internals.AbstractTask.close()V+8
j  org.apache.kafka.streams.processor.internals.StreamTask.close()V+94
j  org.apache.kafka.streams.processor.internals.StreamThread.closeOne(Lorg/apache/kafka/streams/processor/internals/AbstractTask;)V+15
j  org.apache.kafka.streams.processor.internals.StreamThread.removeStreamTasks()V+36
j  org.apache.kafka.streams.processor.internals.StreamThread.shutdown()V+195
j  org.apache.kafka.streams.processor.internals.StreamThread.run()V+40
v  ~StubRoutines::call_stub
V  [libjvm.so+0x633f0a]
V  [libjvm.so+0x6315e4]
V  [libjvm.so+0x631bda]
V  [libjvm.so+0x6713ce]
V  [libjvm.so+0x9a7a08]
V  [libjvm.so+0x85d682]
C  [libpthread.so.0+0x8184]  start_thread+0xc4

Java frames: (J=compiled Java code, j=interpreted, Vv=VM code)
j  org.rocksdb.RocksDB.write0(JJ)V+0
j  org.rocksdb.RocksDB.write(Lorg/rocksdb/WriteOptions;Lorg/rocksdb/WriteBatch;)V+9
j  org.apache.kafka.streams.state.internals.RocksDBStore.putAllInternal(Ljava/util/List;)V+67
j  org.apache.kafka.streams.state.internals.RocksDBStore.flushCache()V+163
j  org.apache.kafka.streams.state.internals.RocksDBStore.flush()V+1
j  org.apache.kafka.streams.state.internals.MeteredKeyValueStore.flush()V+14
j  org.apache.kafka.streams.processor.internals.ProcessorStateManager.close(Ljava/util/Map;)V+81
j  org.apache.kafka.streams.processor.internals.AbstractTask.close()V+8
j  org.apache.kafka.streams.processor.internals.StreamTask.close()V+94
j  org.apache.kafka.streams.processor.internals.StreamThread.closeOne(Lorg/apache/kafka/streams/processor/internals/AbstractTask;)V+15
j  org.apache.kafka.streams.processor.internals.StreamThread.removeStreamTasks()V+36
j  org.apache.kafka.streams.processor.internals.StreamThread.shutdown()V+195
j  org.apache.kafka.streams.processor.internals.StreamThread.run()V+40
v  ~StubRoutines::call_stub

---------------  P R O C E S S  ---------------

Java Threads: ( => current thread )
  0x00007f1ad0c3e800 JavaThread "Thread-2" [_thread_blocked, id=6384, stack(0x00007f1a7aafe000,0x00007f1a7abff000)]
  0x00007f1ad0c3d800 JavaThread "Thread-1" [_thread_blocked, id=6383, stack(0x00007f1a7abff000,0x00007f1a7ad00000)]
  0x00007f1ad0c3b000 JavaThread "kafka-coordinator-heartbeat-thread | testGroup2" daemon [_thread_blocked, id=6382, stack(0x00007f1a7ad00000,0x00007f1a7ae01000)]
  0x00007f1a800ad000 JavaThread "test1-0-kafka-listener-1" [_thread_blocked, id=6379, stack(0x00007f1a7bcfd000,0x00007f1a7bdfe000)]
  0x00007f1a800a7000 JavaThread "kafka-coordinator-heartbeat-thread | testGroup" daemon [_thread_blocked, id=6378, stack(0x00007f1a7bdfe000,0x00007f1a7beff000)]
  0x00007f1ad0c18000 JavaThread "kafka-producer-network-thread | producer-1" daemon [_thread_in_native, id=6377, stack(0x00007f1aa820f000,0x00007f1aa8310000)]
=>0x00007f1ad0bd3000 JavaThread "StreamThread-1" [_thread_in_native, id=6376, stack(0x00007f1a7beff000,0x00007f1a7c000000)]
  0x00007f1ad0b59800 JavaThread "test1-0-kafka-consumer-1" [_thread_blocked, id=6374, stack(0x00007f1aa8dc0000,0x00007f1aa8ec1000)]
  0x00007f1ad0153800 JavaThread "Monitor Ctrl-Break" daemon [_thread_in_native, id=6369, stack(0x00007f1aa9906000,0x00007f1aa9a07000)]
  0x00007f1ad00c4800 JavaThread "Service Thread" daemon [_thread_blocked, id=6361, stack(0x00007f1aa9d0a000,0x00007f1aa9e0b000)]
  0x00007f1ad00b4800 JavaThread "C1 CompilerThread2" daemon [_thread_in_native, id=6360, stack(0x00007f1aa9e0b000,0x00007f1aa9f0c000)]
  0x00007f1ad00b3000 JavaThread "C2 CompilerThread1" daemon [_thread_blocked, id=6359, stack(0x00007f1aa9f0c000,0x00007f1aaa00d000)]
  0x00007f1ad00b0000 JavaThread "C2 CompilerThread0" daemon [_thread_blocked, id=6358, stack(0x00007f1aaa00d000,0x00007f1aaa10e000)]
  0x00007f1ad00ae000 JavaThread "Signal Dispatcher" daemon [_thread_blocked, id=6357, stack(0x00007f1aaa10e000,0x00007f1aaa20f000)]
  0x00007f1ad0087000 JavaThread "Finalizer" daemon [_thread_blocked, id=6347, stack(0x00007f1aaa8f1000,0x00007f1aaa9f2000)]
  0x00007f1ad0082000 JavaThread "Reference Handler" daemon [_thread_blocked, id=6346, stack(0x00007f1aaa9f2000,0x00007f1aaaaf3000)]
  0x00007f1ad000d000 JavaThread "main" [_thread_blocked, id=6338, stack(0x00007f1ad793f000,0x00007f1ad7a40000)]

Other Threads:
  0x00007f1ad007a800 VMThread [stack: 0x00007f1aaaaf3000,0x00007f1aaabf4000] [id=6345]
  0x00007f1ad00c6800 WatcherThread [stack: 0x00007f1aa9c09000,0x00007f1aa9d0a000] [id=6362]

VM state:not at safepoint (normal execution)

VM Mutex/Monitor currently owned by a thread: None

Heap:
 PSYoungGen      total 132608K, used 31908K [0x00000000d7e00000, 0x00000000e0700000, 0x0000000100000000)
  eden space 124928K, 25% used [0x00000000d7e00000,0x00000000d9d29090,0x00000000df800000)
  from space 7680K, 0% used [0x00000000dff80000,0x00000000dff80000,0x00000000e0700000)
  to   space 7680K, 0% used [0x00000000df800000,0x00000000df800000,0x00000000dff80000)
 ParOldGen       total 52224K, used 6865K [0x0000000087a00000, 0x000000008ad00000, 0x00000000d7e00000)
  object space 52224K, 13% used [0x0000000087a00000,0x00000000880b44d8,0x000000008ad00000)
 Metaspace       used 22778K, capacity 23018K, committed 23344K, reserved 1069056K
  class space    used 2774K, capacity 2877K, committed 2944K, reserved 1048576K

Card table byte_map: [0x00007f1ac0c3c000,0x00007f1ac1000000] byte_map_base: 0x00007f1ac07ff000

Marking Bits: (ParMarkBitMap*) 0x00007f1ad6c192a0
 Begin Bits: [0x00007f1ab83d0000, 0x00007f1aba1e8000)
 End Bits:   [0x00007f1aba1e8000, 0x00007f1abc000000)

Polling page: 0x00007f1ad7a64000

CodeCache: size=245760Kb used=8294Kb max_used=8294Kb free=237465Kb
 bounds [0x00007f1ac1000000, 0x00007f1ac1820000, 0x00007f1ad0000000]
 total_blobs=2868 nmethods=2419 adapters=363
 compilation: enabled

Compilation events (10 events):
Event: 3.332 Thread 0x00007f1ad00b4800 nmethod 2416 0x00007f1ac1814590 code [0x00007f1ac18147c0, 0x00007f1ac1815268]
Event: 3.332 Thread 0x00007f1ad00b4800 2417   !   3       com.sun.jmx.interceptor.DefaultMBeanServerInterceptor::registerDynamicMBean (346 bytes)
Event: 3.333 Thread 0x00007f1ad00b3000 2426       4       javax.management.MBeanAttributeInfo::<init> (85 bytes)
Event: 3.334 Thread 0x00007f1ad00b3000 nmethod 2426 0x00007f1ac1812dd0 code [0x00007f1ac1812f20, 0x00007f1ac1812ff8]
Event: 3.335 Thread 0x00007f1ad00b4800 nmethod 2417 0x00007f1ac18193d0 code [0x00007f1ac1819860, 0x00007f1ac181c508]
Event: 3.335 Thread 0x00007f1ad00b4800 2425   !   3       com.sun.jmx.interceptor.DefaultMBeanServerInterceptor::getNewMBeanClassName (71 bytes)
Event: 3.335 Thread 0x00007f1ad00b4800 nmethod 2425 0x00007f1ac18137d0 code [0x00007f1ac18139c0, 0x00007f1ac1814288]
Event: 3.335 Thread 0x00007f1ad00b4800 2418   !   3       com.sun.jmx.interceptor.DefaultMBeanServerInterceptor::preRegister (41 bytes)
Event: 3.335 Thread 0x00007f1ad00b4800 nmethod 2418 0x00007f1ac1812590 code [0x00007f1ac1812740, 0x00007f1ac1812c78]
Event: 3.335 Thread 0x00007f1ad00b4800 2419       3       com.sun.jmx.interceptor.DefaultMBeanServerInterceptor::registerWithRepository (82 bytes)

GC Heap History (10 events):
Event: 1.429 GC heap before
{Heap before GC invocations=3 (full 0):
 PSYoungGen      total 36352K, used 36340K [0x00000000d7e00000, 0x00000000dc500000, 0x0000000100000000)
  eden space 31232K, 100% used [0x00000000d7e00000,0x00000000d9c80000,0x00000000d9c80000)
  from space 5120K, 99% used [0x00000000da180000,0x00000000da67d300,0x00000000da680000)
  to   space 5120K, 0% used [0x00000000d9c80000,0x00000000d9c80000,0x00000000da180000)
 ParOldGen       total 83456K, used 246K [0x0000000087a00000, 0x000000008cb80000, 0x00000000d7e00000)
  object space 83456K, 0% used [0x0000000087a00000,0x0000000087a3d998,0x000000008cb80000)
 Metaspace       used 15117K, capacity 15302K, committed 15488K, reserved 1062912K
  class space    used 1807K, capacity 1897K, committed 1920K, reserved 1048576K
Event: 1.433 GC heap after
Heap after GC invocations=3 (full 0):
 PSYoungGen      total 36352K, used 5057K [0x00000000d7e00000, 0x00000000dc500000, 0x0000000100000000)
  eden space 31232K, 0% used [0x00000000d7e00000,0x00000000d7e00000,0x00000000d9c80000)
  from space 5120K, 98% used [0x00000000d9c80000,0x00000000da170530,0x00000000da180000)
  to   space 5120K, 0% used [0x00000000dc000000,0x00000000dc000000,0x00000000dc500000)
 ParOldGen       total 83456K, used 254K [0x0000000087a00000, 0x000000008cb80000, 0x00000000d7e00000)
  object space 83456K, 0% used [0x0000000087a00000,0x0000000087a3f998,0x000000008cb80000)
 Metaspace       used 15117K, capacity 15302K, committed 15488K, reserved 1062912K
  class space    used 1807K, capacity 1897K, committed 1920K, reserved 1048576K
}
Event: 1.634 GC heap before
{Heap before GC invocations=4 (full 0):
 PSYoungGen      total 36352K, used 36289K [0x00000000d7e00000, 0x00000000dc500000, 0x0000000100000000)
  eden space 31232K, 100% used [0x00000000d7e00000,0x00000000d9c80000,0x00000000d9c80000)
  from space 5120K, 98% used [0x00000000d9c80000,0x00000000da170530,0x00000000da180000)
  to   space 5120K, 0% used [0x00000000dc000000,0x00000000dc000000,0x00000000dc500000)
 ParOldGen       total 83456K, used 254K [0x0000000087a00000, 0x000000008cb80000, 0x00000000d7e00000)
  object space 83456K, 0% used [0x0000000087a00000,0x0000000087a3f998,0x000000008cb80000)
 Metaspace       used 15829K, capacity 16030K, committed 16128K, reserved 1062912K
  class space    used 1886K, capacity 1965K, committed 2048K, reserved 1048576K
Event: 1.640 GC heap after
Heap after GC invocations=4 (full 0):
 PSYoungGen      total 67584K, used 5099K [0x00000000d7e00000, 0x00000000dc500000, 0x0000000100000000)
  eden space 62464K, 0% used [0x00000000d7e00000,0x00000000d7e00000,0x00000000dbb00000)
  from space 5120K, 99% used [0x00000000dc000000,0x00000000dc4fad28,0x00000000dc500000)
  to   space 5120K, 0% used [0x00000000dbb00000,0x00000000dbb00000,0x00000000dc000000)
 ParOldGen       total 83456K, used 262K [0x0000000087a00000, 0x000000008cb80000, 0x00000000d7e00000)
  object space 83456K, 0% used [0x0000000087a00000,0x0000000087a41998,0x000000008cb80000)
 Metaspace       used 15829K, capacity 16030K, committed 16128K, reserved 1062912K
  class space    used 1886K, capacity 1965K, committed 2048K, reserved 1048576K
}
Event: 2.062 GC heap before
{Heap before GC invocations=5 (full 0):
 PSYoungGen      total 67584K, used 67563K [0x00000000d7e00000, 0x00000000dc500000, 0x0000000100000000)
  eden space 62464K, 100% used [0x00000000d7e00000,0x00000000dbb00000,0x00000000dbb00000)
  from space 5120K, 99% used [0x00000000dc000000,0x00000000dc4fad28,0x00000000dc500000)
  to   space 5120K, 0% used [0x00000000dbb00000,0x00000000dbb00000,0x00000000dc000000)
 ParOldGen       total 83456K, used 262K [0x0000000087a00000, 0x000000008cb80000, 0x00000000d7e00000)
  object space 83456K, 0% used [0x0000000087a00000,0x0000000087a41998,0x000000008cb80000)
 Metaspace       used 17941K, capacity 18146K, committed 18432K, reserved 1064960K
  class space    used 2144K, capacity 2195K, committed 2304K, reserved 1048576K
Event: 2.076 GC heap after
Heap after GC invocations=5 (full 0):
 PSYoungGen      total 67584K, used 5104K [0x00000000d7e00000, 0x00000000e0700000, 0x0000000100000000)
  eden space 62464K, 0% used [0x00000000d7e00000,0x00000000d7e00000,0x00000000dbb00000)
  from space 5120K, 99% used [0x00000000dbb00000,0x00000000dbffc010,0x00000000dc000000)
  to   space 7680K, 0% used [0x00000000dff80000,0x00000000dff80000,0x00000000e0700000)
 ParOldGen       total 83456K, used 2563K [0x0000000087a00000, 0x000000008cb80000, 0x00000000d7e00000)
  object space 83456K, 3% used [0x0000000087a00000,0x0000000087c80e60,0x000000008cb80000)
 Metaspace       used 17941K, capacity 18146K, committed 18432K, reserved 1064960K
  class space    used 2144K, capacity 2195K, committed 2304K, reserved 1048576K
}
Event: 2.339 GC heap before
{Heap before GC invocations=6 (full 0):
 PSYoungGen      total 67584K, used 36829K [0x00000000d7e00000, 0x00000000e0700000, 0x0000000100000000)
  eden space 62464K, 50% used [0x00000000d7e00000,0x00000000d9cfb6a0,0x00000000dbb00000)
  from space 5120K, 99% used [0x00000000dbb00000,0x00000000dbffc010,0x00000000dc000000)
  to   space 7680K, 0% used [0x00000000dff80000,0x00000000dff80000,0x00000000e0700000)
 ParOldGen       total 83456K, used 2563K [0x0000000087a00000, 0x000000008cb80000, 0x00000000d7e00000)
  object space 83456K, 3% used [0x0000000087a00000,0x0000000087c80e60,0x000000008cb80000)
 Metaspace       used 20855K, capacity 21086K, committed 21296K, reserved 1069056K
  class space    used 2534K, capacity 2617K, committed 2688K, reserved 1048576K
Event: 2.348 GC heap after
Heap after GC invocations=6 (full 0):
 PSYoungGen      total 132608K, used 6484K [0x00000000d7e00000, 0x00000000e0700000, 0x0000000100000000)
  eden space 124928K, 0% used [0x00000000d7e00000,0x00000000d7e00000,0x00000000df800000)
  from space 7680K, 84% used [0x00000000dff80000,0x00000000e05d5340,0x00000000e0700000)
  to   space 7680K, 0% used [0x00000000df800000,0x00000000df800000,0x00000000dff80000)
 ParOldGen       total 83456K, used 2571K [0x0000000087a00000, 0x000000008cb80000, 0x00000000d7e00000)
  object space 83456K, 3% used [0x0000000087a00000,0x0000000087c82e60,0x000000008cb80000)
 Metaspace       used 20855K, capacity 21086K, committed 21296K, reserved 1069056K
  class space    used 2534K, capacity 2617K, committed 2688K, reserved 1048576K
}
Event: 2.348 GC heap before
{Heap before GC invocations=7 (full 1):
 PSYoungGen      total 132608K, used 6484K [0x00000000d7e00000, 0x00000000e0700000, 0x0000000100000000)
  eden space 124928K, 0% used [0x00000000d7e00000,0x00000000d7e00000,0x00000000df800000)
  from space 7680K, 84% used [0x00000000dff80000,0x00000000e05d5340,0x00000000e0700000)
  to   space 7680K, 0% used [0x00000000df800000,0x00000000df800000,0x00000000dff80000)
 ParOldGen       total 83456K, used 2571K [0x0000000087a00000, 0x000000008cb80000, 0x00000000d7e00000)
  object space 83456K, 3% used [0x0000000087a00000,0x0000000087c82e60,0x000000008cb80000)
 Metaspace       used 20855K, capacity 21086K, committed 21296K, reserved 1069056K
  class space    used 2534K, capacity 2617K, committed 2688K, reserved 1048576K
Event: 2.390 GC heap after
Heap after GC invocations=7 (full 1):
 PSYoungGen      total 132608K, used 0K [0x00000000d7e00000, 0x00000000e0700000, 0x0000000100000000)
  eden space 124928K, 0% used [0x00000000d7e00000,0x00000000d7e00000,0x00000000df800000)
  from space 7680K, 0% used [0x00000000dff80000,0x00000000dff80000,0x00000000e0700000)
  to   space 7680K, 0% used [0x00000000df800000,0x00000000df800000,0x00000000dff80000)
 ParOldGen       total 52224K, used 6865K [0x0000000087a00000, 0x000000008ad00000, 0x00000000d7e00000)
  object space 52224K, 13% used [0x0000000087a00000,0x00000000880b44d8,0x000000008ad00000)
 Metaspace       used 20855K, capacity 21086K, committed 21296K, reserved 1069056K
  class space    used 2534K, capacity 2617K, committed 2688K, reserved 1048576K
}

Deoptimization events (10 events):
Event: 2.312 Thread 0x00007f1ad000d000 Uncommon trap: reason=unstable_if action=reinterpret pc=0x00007f1ac13e22b4 method=org.springframework.util.ConcurrentReferenceHashMap$Segment.clear()V @ 4
Event: 2.322 Thread 0x00007f1ad0b59800 Uncommon trap: reason=unstable_if action=reinterpret pc=0x00007f1ac1707bf8 method=java.util.concurrent.ConcurrentHashMap.addCount(JI)V @ 34
Event: 2.477 Thread 0x00007f1ad000d000 Uncommon trap: reason=unstable_if action=reinterpret pc=0x00007f1ac1497ee8 method=java.util.LinkedHashMap.get(Ljava/lang/Object;)Ljava/lang/Object; @ 20
Event: 2.477 Thread 0x00007f1ad000d000 Uncommon trap: reason=unstable_if action=reinterpret pc=0x00007f1ac1497538 method=java.util.LinkedHashMap.afterNodeAccess(Ljava/util/HashMap$Node;)V @ 4
Event: 2.496 Thread 0x00007f1ad0b59800 Uncommon trap: reason=unstable_if action=reinterpret pc=0x00007f1ac175dad4 method=java.lang.StringCoding.encode(Ljava/lang/String;[CII)[B @ 38
Event: 2.523 Thread 0x00007f1ad0b59800 Uncommon trap: reason=unstable_if action=reinterpret pc=0x00007f1ac13e53d0 method=java.lang.StringCoding$StringEncoder.encode([CII)[B @ 20
Event: 2.617 Thread 0x00007f1ad000d000 Uncommon trap: reason=class_check action=maybe_recompile pc=0x00007f1ac129f01c method=java.io.DataOutputStream.write(I)V @ 5
Event: 2.617 Thread 0x00007f1ad000d000 Uncommon trap: reason=class_check action=maybe_recompile pc=0x00007f1ac129f01c method=java.io.DataOutputStream.write(I)V @ 5
Event: 2.948 Thread 0x00007f1ad0bd3000 Uncommon trap: reason=class_check action=maybe_recompile pc=0x00007f1ac129f01c method=java.io.DataOutputStream.write(I)V @ 5
Event: 2.948 Thread 0x00007f1ad0bd3000 Uncommon trap: reason=class_check action=maybe_recompile pc=0x00007f1ac129f01c method=java.io.DataOutputStream.write(I)V @ 5

Internal exceptions (10 events):
Event: 2.169 Thread 0x00007f1ad000d000 Exception <a 'java/lang/ClassNotFoundException': org/springframework/context/annotation/ConfigurationClassEnhancer$EnhancedConfigurationCustomizer> (0x00000000d87dec38) thrown at [/build/openjdk-8-8itSJj/openjdk-8-8u111-b14/src/hotspot/src/share/vm/classf
Event: 2.170 Thread 0x00007f1ad000d000 Exception <a 'java/lang/ClassNotFoundException': java/lang/ObjectCustomizer> (0x00000000d87fd9a0) thrown at [/build/openjdk-8-8itSJj/openjdk-8-8u111-b14/src/hotspot/src/share/vm/classfile/systemDictionary.cpp, line 210]
Event: 2.171 Thread 0x00007f1ad000d000 Exception <a 'java/lang/ClassNotFoundException': org/springframework/boot/autoconfigure/web/WebClientAutoConfigurationCustomizer> (0x00000000d881f8b8) thrown at [/build/openjdk-8-8itSJj/openjdk-8-8u111-b14/src/hotspot/src/share/vm/classfile/systemDictiona
Event: 2.171 Thread 0x00007f1ad000d000 Exception <a 'java/lang/ClassNotFoundException': org/springframework/boot/autoconfigure/web/WebClientAutoConfiguration$$EnhancerBySpringCGLIB$$65ed129bCustomizer> (0x00000000d8847a60) thrown at [/build/openjdk-8-8itSJj/openjdk-8-8u111-b14/src/hotspot/src/
Event: 2.172 Thread 0x00007f1ad000d000 Exception <a 'java/lang/ClassNotFoundException': org/springframework/context/annotation/ConfigurationClassEnhancer$EnhancedConfigurationCustomizer> (0x00000000d8870030) thrown at [/build/openjdk-8-8itSJj/openjdk-8-8u111-b14/src/hotspot/src/share/vm/classf
Event: 2.190 Thread 0x00007f1ad000d000 Exception <a 'java/lang/ClassNotFoundException': java/lang/ObjectCustomizer> (0x00000000d8b265e0) thrown at [/build/openjdk-8-8itSJj/openjdk-8-8u111-b14/src/hotspot/src/share/vm/classfile/systemDictionary.cpp, line 210]
Event: 2.190 Thread 0x00007f1ad000d000 Exception <a 'java/lang/ClassNotFoundException': org/springframework/kafka/listener/config/ContainerPropertiesCustomizer> (0x00000000d8b46450) thrown at [/build/openjdk-8-8itSJj/openjdk-8-8u111-b14/src/hotspot/src/share/vm/classfile/systemDictionary.cpp, 
Event: 2.466 Thread 0x00007f1ad000d000 Exception <a 'java/lang/ClassNotFoundException': java/lang/ObjectCustomizer> (0x00000000d8325d58) thrown at [/build/openjdk-8-8itSJj/openjdk-8-8u111-b14/src/hotspot/src/share/vm/classfile/systemDictionary.cpp, line 210]
Event: 2.467 Thread 0x00007f1ad000d000 Exception <a 'java/lang/ClassNotFoundException': com/designnet/MainApplicationTestCustomizer> (0x00000000d833e350) thrown at [/build/openjdk-8-8itSJj/openjdk-8-8u111-b14/src/hotspot/src/share/vm/classfile/systemDictionary.cpp, line 210]
Event: 2.696 Thread 0x00007f1ad0bd3000 Exception <a 'java/io/FileNotFoundException'> (0x00000000d8580db0) thrown at [/build/openjdk-8-8itSJj/openjdk-8-8u111-b14/src/hotspot/src/share/vm/prims/jni.cpp, line 709]

Events (10 events):
Event: 3.253 loading class org/springframework/kafka/listener/ConcurrentMessageListenerContainer$1 done
Event: 3.253 loading class org/springframework/kafka/listener/KafkaMessageListenerContainer$1
Event: 3.253 loading class org/springframework/kafka/listener/KafkaMessageListenerContainer$1 done
Event: 3.255 Thread 0x00007f1ad0c3e800 Thread added: 0x00007f1ad0c3e800
Event: 3.256 Thread 0x00007f1ad0c40800 Thread added: 0x00007f1ad0c40800
Event: 3.256 Thread 0x00007f1ad0c40800 Thread exited: 0x00007f1ad0c40800
Event: 3.332 Thread 0x00007f1ad0b9e800 Thread exited: 0x00007f1ad0b9e800
Event: 3.332 loading class org/apache/kafka/common/requests/LeaveGroupResponse
Event: 3.332 loading class org/apache/kafka/common/requests/LeaveGroupResponse done
Event: 3.333 Thread 0x00007f1a70001000 Thread exited: 0x00007f1a70001000


Dynamic libraries:
00400000-00401000 r-xp 00000000 08:06 1836530                            /usr/lib/jvm/java-8-openjdk-amd64/jre/bin/java
00600000-00601000 r--p 00000000 08:06 1836530                            /usr/lib/jvm/java-8-openjdk-amd64/jre/bin/java
00601000-00602000 rw-p 00001000 08:06 1836530                            /usr/lib/jvm/java-8-openjdk-amd64/jre/bin/java
0111d000-0113e000 rw-p 00000000 00:00 0                                  [heap]
87a00000-8ad00000 rw-p 00000000 00:00 0 
8ad00000-d7e00000 ---p 00000000 00:00 0 
d7e00000-e0700000 rw-p 00000000 00:00 0 
e0700000-100000000 ---p 00000000 00:00 0 
100000000-1002e0000 rw-p 00000000 00:00 0 
1002e0000-140000000 ---p 00000000 00:00 0 
7f1a48000000-7f1a48021000 rw-p 00000000 00:00 0 
7f1a48021000-7f1a4c000000 ---p 00000000 00:00 0 
7f1a50000000-7f1a50021000 rw-p 00000000 00:00 0 
7f1a50021000-7f1a54000000 ---p 00000000 00:00 0 
7f1a54000000-7f1a54021000 rw-p 00000000 00:00 0 
7f1a54021000-7f1a58000000 ---p 00000000 00:00 0 
7f1a58000000-7f1a58021000 rw-p 00000000 00:00 0 
7f1a58021000-7f1a5c000000 ---p 00000000 00:00 0 
7f1a5c000000-7f1a5c021000 rw-p 00000000 00:00 0 
7f1a5c021000-7f1a60000000 ---p 00000000 00:00 0 
7f1a60000000-7f1a60021000 rw-p 00000000 00:00 0 
7f1a60021000-7f1a64000000 ---p 00000000 00:00 0 
7f1a64000000-7f1a64021000 rw-p 00000000 00:00 0 
7f1a64021000-7f1a68000000 ---p 00000000 00:00 0 
7f1a68000000-7f1a68021000 rw-p 00000000 00:00 0 
7f1a68021000-7f1a6c000000 ---p 00000000 00:00 0 
7f1a6c000000-7f1a6c021000 rw-p 00000000 00:00 0 
7f1a6c021000-7f1a70000000 ---p 00000000 00:00 0 
7f1a70000000-7f1a7015c000 rw-p 00000000 00:00 0 
7f1a7015c000-7f1a74000000 ---p 00000000 00:00 0 
7f1a74000000-7f1a74021000 rw-p 00000000 00:00 0 
7f1a74021000-7f1a78000000 ---p 00000000 00:00 0 
7f1a7a9fd000-7f1a7aa00000 ---p 00000000 00:00 0 
7f1a7aa00000-7f1a7aafe000 rw-p 00000000 00:00 0 
7f1a7aafe000-7f1a7ab01000 ---p 00000000 00:00 0 
7f1a7ab01000-7f1a7abff000 rw-p 00000000 00:00 0                          [stack:6384]
7f1a7abff000-7f1a7ac02000 ---p 00000000 00:00 0 
7f1a7ac02000-7f1a7ad00000 rw-p 00000000 00:00 0                          [stack:6383]
7f1a7ad00000-7f1a7ad03000 ---p 00000000 00:00 0 
7f1a7ad03000-7f1a7ae01000 rw-p 00000000 00:00 0                          [stack:6382]
7f1a7ae01000-7f1a7ae02000 ---p 00000000 00:00 0 
7f1a7ae02000-7f1a7b602000 rw-p 00000000 00:00 0                          [stack:6381]
7f1a7b602000-7f1a7b9e0000 r-xp 00000000 08:06 4329698                    /tmp/librocksdbjni3550778654157569255..so
7f1a7b9e0000-7f1a7bbe0000 ---p 003de000 08:06 4329698                    /tmp/librocksdbjni3550778654157569255..so
7f1a7bbe0000-7f1a7bbf5000 rw-p 003de000 08:06 4329698                    /tmp/librocksdbjni3550778654157569255..so
7f1a7bbf5000-7f1a7bbfc000 rw-p 00000000 00:00 0 
7f1a7bbfc000-7f1a7bbff000 ---p 00000000 00:00 0 
7f1a7bbff000-7f1a7bcfd000 rw-p 00000000 00:00 0 
7f1a7bcfd000-7f1a7bd00000 ---p 00000000 00:00 0 
7f1a7bd00000-7f1a7bdfe000 rw-p 00000000 00:00 0                          [stack:6379]
7f1a7bdfe000-7f1a7be01000 ---p 00000000 00:00 0 
7f1a7be01000-7f1a7beff000 rw-p 00000000 00:00 0                          [stack:6378]
7f1a7beff000-7f1a7bf02000 ---p 00000000 00:00 0 
7f1a7bf02000-7f1a7c000000 rw-p 00000000 00:00 0                          [stack:6376]
7f1a7c000000-7f1a7c021000 rw-p 00000000 00:00 0 
7f1a7c021000-7f1a80000000 ---p 00000000 00:00 0 
7f1a80000000-7f1a800b3000 rw-p 00000000 00:00 0 
7f1a800b3000-7f1a84000000 ---p 00000000 00:00 0 
7f1a84000000-7f1a84021000 rw-p 00000000 00:00 0 
7f1a84021000-7f1a88000000 ---p 00000000 00:00 0 
7f1a88000000-7f1a88021000 rw-p 00000000 00:00 0 
7f1a88021000-7f1a8c000000 ---p 00000000 00:00 0 
7f1a8c000000-7f1a8c8d4000 rw-p 00000000 00:00 0 
7f1a8c8d4000-7f1a90000000 ---p 00000000 00:00 0 
7f1a90000000-7f1a90c8a000 rw-p 00000000 00:00 0 
7f1a90c8a000-7f1a94000000 ---p 00000000 00:00 0 
7f1a94000000-7f1a94021000 rw-p 00000000 00:00 0 
7f1a94021000-7f1a98000000 ---p 00000000 00:00 0 
7f1a98000000-7f1a98868000 rw-p 00000000 00:00 0 
7f1a98868000-7f1a9c000000 ---p 00000000 00:00 0 
7f1a9c000000-7f1a9c021000 rw-p 00000000 00:00 0 
7f1a9c021000-7f1aa0000000 ---p 00000000 00:00 0 
7f1aa0000000-7f1aa0021000 rw-p 00000000 00:00 0 
7f1aa0021000-7f1aa4000000 ---p 00000000 00:00 0 
7f1aa4000000-7f1aa4021000 rw-p 00000000 00:00 0 
7f1aa4021000-7f1aa8000000 ---p 00000000 00:00 0 
7f1aa8080000-7f1aa8083000 ---p 00000000 00:00 0 
7f1aa8083000-7f1aa8181000 rw-p 00000000 00:00 0 
7f1aa820f000-7f1aa8212000 ---p 00000000 00:00 0 
7f1aa8212000-7f1aa84fc000 rw-p 00000000 00:00 0                          [stack:6377]
7f1aa84fc000-7f1aa8510000 ---p 00000000 00:00 0 
7f1aa8510000-7f1aa8521000 r-xp 00000000 08:06 1836485                    /usr/lib/jvm/java-8-openjdk-amd64/jre/lib/amd64/libnio.so
7f1aa8521000-7f1aa8720000 ---p 00011000 08:06 1836485                    /usr/lib/jvm/java-8-openjdk-amd64/jre/lib/amd64/libnio.so
7f1aa8720000-7f1aa8721000 r--p 00010000 08:06 1836485                    /usr/lib/jvm/java-8-openjdk-amd64/jre/lib/amd64/libnio.so
7f1aa8721000-7f1aa8722000 rw-p 00011000 08:06 1836485                    /usr/lib/jvm/java-8-openjdk-amd64/jre/lib/amd64/libnio.so
7f1aa8722000-7f1aa8922000 rw-p 00000000 00:00 0 
7f1aa8922000-7f1aa8b22000 rw-p 00000000 00:00 0 
7f1aa8b22000-7f1aa8d22000 rw-p 00000000 00:00 0 
7f1aa8dc0000-7f1aa8dc3000 ---p 00000000 00:00 0 
7f1aa8dc3000-7f1aa8ec1000 rw-p 00000000 00:00 0                          [stack:6374]
7f1aa8f54000-7f1aa8f56000 rw-p 00000000 00:00 0 
7f1aa8f56000-7f1aa8f5a000 r--s 00097000 08:06 1835745                    /usr/lib/jvm/java-8-openjdk-amd64/jre/lib/jsse.jar
7f1aa8f5a000-7f1aa8f63000 r-xp 00000000 08:06 1836474                    /usr/lib/jvm/java-8-openjdk-amd64/jre/lib/amd64/libmanagement.so
7f1aa8f63000-7f1aa9162000 ---p 00009000 08:06 1836474                    /usr/lib/jvm/java-8-openjdk-amd64/jre/lib/amd64/libmanagement.so
7f1aa9162000-7f1aa9163000 r--p 00008000 08:06 1836474                    /usr/lib/jvm/java-8-openjdk-amd64/jre/lib/amd64/libmanagement.so
7f1aa9163000-7f1aa9164000 rw-p 00009000 08:06 1836474                    /usr/lib/jvm/java-8-openjdk-amd64/jre/lib/amd64/libmanagement.so
7f1aa9164000-7f1aa9364000 rw-p 00000000 00:00 0 
7f1aa9364000-7f1aa9564000 rw-p 00000000 00:00 0 
7f1aa9564000-7f1aa9566000 r--s 00009000 08:06 3426105                    /home/nandhini/.m2/repository/org/slf4j/slf4j-api/1.7.21/slf4j-api-1.7.21.jar
7f1aa9566000-7f1aa9568000 r--s 00100000 08:06 3426102                    /home/nandhini/.m2/repository/org/xerial/snappy/snappy-java/1.1.2.6/snappy-java-1.1.2.6.jar
7f1aa9568000-7f1aa956a000 r--s 00038000 08:06 3426101                    /home/nandhini/.m2/repository/net/jpountz/lz4/lz4/1.3.0/lz4-1.3.0.jar
7f1aa956a000-7f1aa9578000 r--s 000b5000 08:06 2890527                    /home/nandhini/.m2/repository/org/apache/kafka/kafka-clients/0.10.1.1/kafka-clients-0.10.1.1.jar
7f1aa9578000-7f1aa957c000 r--s 00041000 08:06 3426160                    /home/nandhini/.m2/repository/com/fasterxml/jackson/core/jackson-core/2.8.3/jackson-core-2.8.3.jar
7f1aa957c000-7f1aa957f000 r--s 0000b000 08:06 3426158                    /home/nandhini/.m2/repository/com/fasterxml/jackson/core/jackson-annotations/2.8.3/jackson-annotations-2.8.3.jar
7f1aa957f000-7f1aa9591000 r--s 0011c000 08:06 3426157                    /home/nandhini/.m2/repository/com/fasterxml/jackson/core/jackson-databind/2.8.3/jackson-databind-2.8.3.jar
7f1aa9591000-7f1aa9594000 r--s 004ab000 08:06 2760327                    /home/nandhini/.m2/repository/org/rocksdb/rocksdbjni/4.4.1/rocksdbjni-4.4.1.jar
7f1aa9594000-7f1aa9595000 r--s 00002000 08:06 3426138                    /home/nandhini/.m2/repository/org/slf4j/slf4j-log4j12/1.7.21/slf4j-log4j12-1.7.21.jar
7f1aa9595000-7f1aa9597000 r--s 0000a000 08:06 2760321                    /home/nandhini/.m2/repository/org/apache/kafka/connect-api/0.10.0.0/connect-api-0.10.0.0.jar
7f1aa9597000-7f1aa9599000 r--s 00007000 08:06 2760320                    /home/nandhini/.m2/repository/org/apache/kafka/connect-json/0.10.0.0/connect-json-0.10.0.0.jar
7f1aa9599000-7f1aa95b1000 r--s 00110000 08:06 3424104                    /home/nandhini/.m2/repository/io/netty/netty/3.7.0.Final/netty-3.7.0.Final.jar
7f1aa95b1000-7f1aa95b3000 r--s 00014000 08:06 3423975                    /home/nandhini/.m2/repository/jline/jline/0.9.94/jline-0.9.94.jar
7f1aa95b3000-7f1aa95bf000 r--s 000b6000 08:06 3162316                    /home/nandhini/.m2/repository/org/apache/zookeeper/zookeeper/3.4.6/zookeeper-3.4.6.jar
7f1aa95bf000-7f1aa95c1000 r--s 0000e000 08:06 3423961                    /home/nandhini/.m2/repository/javax/activation/activation/1.1/activation-1.1.jar
7f1aa95c1000-7f1aa95c7000 r--s 00059000 08:06 3424598                    /home/nandhini/.m2/repository/javax/mail/mail/1.4/mail-1.4.jar
7f1aa95c7000-7f1aa95ce000 r--s 00059000 08:06 3426132                    /home/nandhini/.m2/repository/log4j/log4j/1.2.15/log4j-1.2.15.jar
7f1aa95ce000-7f1aa95d1000 r--s 00010000 08:06 3426131                    /home/nandhini/.m2/repository/com/101tec/zkclient/0.8/zkclient-0.8.jar
7f1aa95d1000-7f1aa95da000 r--s 0004e000 08:06 2760318                    /home/nandhini/.m2/repository/org/apache/kafka/kafka-streams/0.10.0.0/kafka-streams-0.10.0.0.jar
7f1aa95da000-7f1aa95e8000 r--s 00083000 08:06 3544419                    /home/nandhini/.m2/repository/org/springframework/spring-test/4.3.3.RELEASE/spring-test-4.3.3.RELEASE.jar
7f1aa95e8000-7f1aa95e9000 r--s 0000f000 08:06 3541903                    /home/nandhini/.m2/repository/org/json/json/20140107/json-20140107.jar
7f1aa95e9000-7f1aa95ea000 r--s 00006000 08:06 2760204                    /home/nandhini/.m2/repository/org/skyscreamer/jsonassert/1.3.0/jsonassert-1.3.0.jar
7f1aa95ea000-7f1aa95eb000 r--s 0000c000 08:06 3425975                    /home/nandhini/.m2/repository/org/hamcrest/hamcrest-library/1.3/hamcrest-library-1.3.jar
7f1aa95eb000-7f1aa95ed000 r--s 00009000 08:06 3425156                    /home/nandhini/.m2/repository/org/hamcrest/hamcrest-core/1.3/hamcrest-core-1.3.jar
7f1aa95ed000-7f1aa95ef000 r--s 00009000 08:06 2760202                    /home/nandhini/.m2/repository/org/objenesis/objenesis/2.1/objenesis-2.1.jar
7f1aa95ef000-7f1aa960b000 r--s 00103000 08:06 2760201                    /home/nandhini/.m2/repository/org/mockito/mockito-core/1.10.19/mockito-core-1.10.19.jar
7f1aa960b000-7f1aa961e000 r--s 000d2000 08:06 2760200                    /home/nandhini/.m2/repository/org/assertj/assertj-core/2.5.0/assertj-core-2.5.0.jar
7f1aa961e000-7f1aa9626000 r--s 00045000 08:06 2760340                    /home/nandhini/.m2/repository/junit/junit/4.12/junit-4.12.jar
7f1aa9626000-7f1aa9627000 r--s 0000c000 08:06 3543649                    /home/nandhini/.m2/repository/org/ow2/asm/asm/5.0.3/asm-5.0.3.jar
7f1aa9627000-7f1aa9629000 r--s 00012000 08:06 3425938                    /home/nandhini/.m2/repository/net/minidev/accessors-smart/1.1/accessors-smart-1.1.jar
7f1aa9629000-7f1aa962c000 r--s 0001b000 08:06 3425935                    /home/nandhini/.m2/repository/net/minidev/json-smart/2.2.1/json-smart-2.2.1.jar
7f1aa962c000-7f1aa9631000 r--s 0002e000 08:06 3425936                    /home/nandhini/.m2/repository/com/jayway/jsonpath/json-path/2.2.0/json-path-2.2.0.jar
7f1aa9631000-7f1aa9636000 r--s 00017000 08:06 3544416                    /home/nandhini/.m2/repository/org/springframework/boot/spring-boot-test-autoconfigure/1.4.1.RELEASE/spring-boot-test-autoconfigure-1.4.1.RELEASE.jar
7f1aa9636000-7f1aa963b000 r--s 00020000 08:06 3544412                    /home/nandhini/.m2/repository/org/springframework/boot/spring-boot-test/1.4.1.RELEASE/spring-boot-test-1.4.1.RELEASE.jar
7f1aa963b000-7f1aa9641000 r--s 0003d000 08:06 3425385                    /home/nandhini/.m2/repository/org/yaml/snakeyaml/1.17/snakeyaml-1.17.jar
7f1aa9641000-7f1aa9658000 r--s 000f9000 08:06 3544408                    /home/nandhini/.m2/repository/org/springframework/spring-core/4.3.3.RELEASE/spring-core-4.3.3.RELEASE.jar
7f1aa9658000-7f1aa965a000 r--s 00004000 08:06 3544406                    /home/nandhini/.m2/repository/org/slf4j/log4j-over-slf4j/1.7.21/log4j-over-slf4j-1.7.21.jar
7f1aa965a000-7f1aa965c000 r--s 00000000 08:06 3544404                    /home/nandhini/.m2/repository/org/slf4j/jul-to-slf4j/1.7.21/jul-to-slf4j-1.7.21.jar
7f1aa965c000-7f1aa9666000 r--s 00069000 08:06 3544400                    /home/nandhini/.m2/repository/ch/qos/logback/logback-core/1.1.7/logback-core-1.1.7.jar
7f1aa9666000-7f1aa966d000 r--s 00044000 08:06 3544398                    /home/nandhini/.m2/repository/ch/qos/logback/logback-classic/1.1.7/logback-classic-1.1.7.jar
7f1aa966d000-7f1aa968b000 r--s 000cf000 08:06 3544395                    /home/nandhini/.m2/repository/org/springframework/boot/spring-boot-autoconfigure/1.4.1.RELEASE/spring-boot-autoconfigure-1.4.1.RELEASE.jar
7f1aa968b000-7f1aa969b000 r--s 00091000 08:06 3544394                    /home/nandhini/.m2/repository/org/springframework/boot/spring-boot/1.4.1.RELEASE/spring-boot-1.4.1.RELEASE.jar
7f1aa969b000-7f1aa96a0000 r--s 0003c000 08:06 3671386                    /home/nandhini/.m2/repository/org/springframework/spring-expression/4.3.3.RELEASE/spring-expression-4.3.3.RELEASE.jar
7f1aa96a0000-7f1aa96a9000 r--s 00054000 08:06 3671383                    /home/nandhini/.m2/repository/org/springframework/spring-aop/4.3.3.RELEASE/spring-aop-4.3.3.RELEASE.jar
7f1aa96a9000-7f1aa96c3000 r--s 000fc000 08:06 3671385                    /home/nandhini/.m2/repository/org/springframework/spring-context/4.3.3.RELEASE/spring-context-4.3.3.RELEASE.jar
7f1aa96c3000-7f1aa96d1000 r--s 000ac000 08:06 3671384                    /home/nandhini/.m2/repository/org/springframework/spring-beans/4.3.3.RELEASE/spring-beans-4.3.3.RELEASE.jar
7f1aa96d1000-7f1aa96db000 r--s 00054000 08:06 3544256                    /home/nandhini/.m2/repository/org/springframework/spring-messaging/4.3.3.RELEASE/spring-messaging-4.3.3.RELEASE.jar
7f1aa96db000-7f1aa96ee000 r--s 00346000 08:06 1836509                    /usr/lib/jvm/java-8-openjdk-amd64/jre/lib/resources.jar
7f1aa96ee000-7f1aa9704000 r-xp 00000000 08:06 1836489                    /usr/lib/jvm/java-8-openjdk-amd64/jre/lib/amd64/libnet.so
7f1aa9704000-7f1aa9904000 ---p 00016000 08:06 1836489                    /usr/lib/jvm/java-8-openjdk-amd64/jre/lib/amd64/libnet.so
7f1aa9904000-7f1aa9905000 r--p 00016000 08:06 1836489                    /usr/lib/jvm/java-8-openjdk-amd64/jre/lib/amd64/libnet.so
7f1aa9905000-7f1aa9906000 rw-p 00017000 08:06 1836489                    /usr/lib/jvm/java-8-openjdk-amd64/jre/lib/amd64/libnet.so
7f1aa9906000-7f1aa9909000 ---p 00000000 00:00 0 
7f1aa9909000-7f1aa9a07000 rw-p 00000000 00:00 0                          [stack:6369]
7f1aa9a07000-7f1aa9a08000 r-xp 00000000 08:06 2102293                    /home/nandhini/Documents/idea-IC-141.2735.5/bin/libbreakgen64.so
7f1aa9a08000-7f1aa9c07000 ---p 00001000 08:06 2102293                    /home/nandhini/Documents/idea-IC-141.2735.5/bin/libbreakgen64.so
7f1aa9c07000-7f1aa9c08000 r--p 00000000 08:06 2102293                    /home/nandhini/Documents/idea-IC-141.2735.5/bin/libbreakgen64.so
7f1aa9c08000-7f1aa9c09000 rw-p 00001000 08:06 2102293                    /home/nandhini/Documents/idea-IC-141.2735.5/bin/libbreakgen64.so
7f1aa9c09000-7f1aa9c0a000 ---p 00000000 00:00 0 
7f1aa9c0a000-7f1aa9d0a000 rw-p 00000000 00:00 0                          [stack:6362]
7f1aa9d0a000-7f1aa9d0d000 ---p 00000000 00:00 0 
7f1aa9d0d000-7f1aa9e0b000 rw-p 00000000 00:00 0                          [stack:6361]
7f1aa9e0b000-7f1aa9e0e000 ---p 00000000 00:00 0 
7f1aa9e0e000-7f1aa9f0c000 rw-p 00000000 00:00 0                          [stack:6360]
7f1aa9f0c000-7f1aa9f0f000 ---p 00000000 00:00 0 
7f1aa9f0f000-7f1aaa00d000 rw-p 00000000 00:00 0                          [stack:6359]
7f1aaa00d000-7f1aaa010000 ---p 00000000 00:00 0 
7f1aaa010000-7f1aaa10e000 rw-p 00000000 00:00 0                          [stack:6358]
7f1aaa10e000-7f1aaa111000 ---p 00000000 00:00 0 
7f1aaa111000-7f1aaa20f000 rw-p 00000000 00:00 0                          [stack:6357]
7f1aaa20f000-7f1aaa8f1000 r--p 00000000 08:06 138269                     /usr/lib/locale/locale-archive
7f1aaa8f1000-7f1aaa8f4000 ---p 00000000 00:00 0 
7f1aaa8f4000-7f1aaa9f2000 rw-p 00000000 00:00 0                          [stack:6347]
7f1aaa9f2000-7f1aaa9f5000 ---p 00000000 00:00 0 
7f1aaa9f5000-7f1aaaaf3000 rw-p 00000000 00:00 0                          [stack:6346]
7f1aaaaf3000-7f1aaaaf4000 ---p 00000000 00:00 0 
7f1aaaaf4000-7f1aac000000 rw-p 00000000 00:00 0                          [stack:6345]
7f1aac000000-7f1aac021000 rw-p 00000000 00:00 0 
7f1aac021000-7f1ab0000000 ---p 00000000 00:00 0 
7f1ab0000000-7f1ab0021000 rw-p 00000000 00:00 0 
7f1ab0021000-7f1ab4000000 ---p 00000000 00:00 0 
7f1ab4000000-7f1ab4021000 rw-p 00000000 00:00 0 
7f1ab4021000-7f1ab8000000 ---p 00000000 00:00 0 
7f1ab8000000-7f1ab8001000 r--s 00000000 08:06 3544411                    /home/nandhini/.m2/repository/org/springframework/boot/spring-boot-starter-test/1.4.1.RELEASE/spring-boot-starter-test-1.4.1.RELEASE.jar
7f1ab8001000-7f1ab8003000 r--s 00003000 08:06 3544402                    /home/nandhini/.m2/repository/org/slf4j/jcl-over-slf4j/1.7.21/jcl-over-slf4j-1.7.21.jar
7f1ab8003000-7f1ab8034000 rw-p 00000000 00:00 0 
7f1ab8034000-7f1ab804f000 r--s 001d5000 08:06 1836513                    /usr/lib/jvm/java-8-openjdk-amd64/jre/lib/ext/nashorn.jar
7f1ab804f000-7f1ab806a000 r--s 00394000 08:06 1836517                    /usr/lib/jvm/java-8-openjdk-amd64/jre/lib/ext/cldrdata.jar
7f1ab806a000-7f1abc000000 rw-p 00000000 00:00 0 
7f1abc000000-7f1abc021000 rw-p 00000000 00:00 0 
7f1abc021000-7f1ac0000000 ---p 00000000 00:00 0 
7f1ac0000000-7f1ac0004000 r--s 00018000 08:06 3544263                    /home/nandhini/.m2/repository/org/springframework/retry/spring-retry/1.1.4.RELEASE/spring-retry-1.1.4.RELEASE.jar
7f1ac0004000-7f1ac0025000 rw-p 00000000 00:00 0 
7f1ac0025000-7f1ac01f3000 r--s 03bf1000 08:06 1836523                    /usr/lib/jvm/java-8-openjdk-amd64/jre/lib/rt.jar
7f1ac01f3000-7f1ac05b6000 rw-p 00000000 00:00 0 
7f1ac05b6000-7f1ac05b7000 ---p 00000000 00:00 0 
7f1ac05b7000-7f1ac06b7000 rw-p 00000000 00:00 0                          [stack:6342]
7f1ac06b7000-7f1ac06b8000 ---p 00000000 00:00 0 
7f1ac06b8000-7f1ac07b8000 rw-p 00000000 00:00 0                          [stack:6341]
7f1ac07b8000-7f1ac07b9000 ---p 00000000 00:00 0 
7f1ac07b9000-7f1ac08b9000 rw-p 00000000 00:00 0                          [stack:6340]
7f1ac08b9000-7f1ac08ba000 ---p 00000000 00:00 0 
7f1ac08ba000-7f1ac09d4000 rw-p 00000000 00:00 0                          [stack:6339]
7f1ac09d4000-7f1ac0c3c000 ---p 00000000 00:00 0 
7f1ac0c3c000-7f1ac0c56000 rw-p 00000000 00:00 0 
7f1ac0c56000-7f1ac0ebe000 ---p 00000000 00:00 0 
7f1ac0ebe000-7f1ac0f03000 rw-p 00000000 00:00 0 
7f1ac0f03000-7f1ac0fff000 ---p 00000000 00:00 0 
7f1ac0fff000-7f1ac1000000 rw-p 00000000 00:00 0 
7f1ac1000000-7f1ac1830000 rwxp 00000000 00:00 0 
7f1ac1830000-7f1ad0000000 ---p 00000000 00:00 0 
7f1ad0000000-7f1ad0c42000 rw-p 00000000 00:00 0 
7f1ad0c42000-7f1ad4000000 ---p 00000000 00:00 0 
7f1ad4000000-7f1ad4001000 r--s 00000000 08:06 3544396                    /home/nandhini/.m2/repository/org/springframework/boot/spring-boot-starter-logging/1.4.1.RELEASE/spring-boot-starter-logging-1.4.1.RELEASE.jar
7f1ad4001000-7f1ad4002000 r--s 00000000 08:06 3544266                    /home/nandhini/.m2/repository/org/springframework/boot/spring-boot-starter/1.4.1.RELEASE/spring-boot-starter-1.4.1.RELEASE.jar
7f1ad4002000-7f1ad4007000 r--s 0001f000 08:06 3544255                    /home/nandhini/.m2/repository/org/springframework/kafka/spring-kafka/1.1.1.RELEASE/spring-kafka-1.1.1.RELEASE.jar
7f1ad4007000-7f1ad4009000 r--s 00006000 08:06 536951                     /usr/share/java/java-atk-wrapper.jar
7f1ad4009000-7f1ad400c000 r--s 00015000 08:06 1835728                    /usr/lib/jvm/java-8-openjdk-amd64/jre/lib/jce.jar
7f1ad400c000-7f1ad4010000 r--s 00097000 08:06 1835745                    /usr/lib/jvm/java-8-openjdk-amd64/jre/lib/jsse.jar
7f1ad4010000-7f1ad4015000 r--s 002f9000 08:06 1835729                    /usr/lib/jvm/java-8-openjdk-amd64/jre/lib/charsets.jar
7f1ad4015000-7f1ad40f9000 rw-p 00000000 00:00 0 
7f1ad40f9000-7f1ad4498000 ---p 00000000 00:00 0 
7f1ad4498000-7f1ad44a0000 r-xp 00000000 08:06 1836480                    /usr/lib/jvm/java-8-openjdk-amd64/jre/lib/amd64/libzip.so
7f1ad44a0000-7f1ad469f000 ---p 00008000 08:06 1836480                    /usr/lib/jvm/java-8-openjdk-amd64/jre/lib/amd64/libzip.so
7f1ad469f000-7f1ad46a0000 r--p 00007000 08:06 1836480                    /usr/lib/jvm/java-8-openjdk-amd64/jre/lib/amd64/libzip.so
7f1ad46a0000-7f1ad46a1000 rw-p 00008000 08:06 1836480                    /usr/lib/jvm/java-8-openjdk-amd64/jre/lib/amd64/libzip.so
7f1ad46a1000-7f1ad46ab000 r-xp 00000000 08:06 1055504                    /lib/x86_64-linux-gnu/libnss_files-2.19.so
7f1ad46ab000-7f1ad48aa000 ---p 0000a000 08:06 1055504                    /lib/x86_64-linux-gnu/libnss_files-2.19.so
7f1ad48aa000-7f1ad48ab000 r--p 00009000 08:06 1055504                    /lib/x86_64-linux-gnu/libnss_files-2.19.so
7f1ad48ab000-7f1ad48ac000 rw-p 0000a000 08:06 1055504                    /lib/x86_64-linux-gnu/libnss_files-2.19.so
7f1ad48ac000-7f1ad48b7000 r-xp 00000000 08:06 1055488                    /lib/x86_64-linux-gnu/libnss_nis-2.19.so
7f1ad48b7000-7f1ad4ab6000 ---p 0000b000 08:06 1055488                    /lib/x86_64-linux-gnu/libnss_nis-2.19.so
7f1ad4ab6000-7f1ad4ab7000 r--p 0000a000 08:06 1055488                    /lib/x86_64-linux-gnu/libnss_nis-2.19.so
7f1ad4ab7000-7f1ad4ab8000 rw-p 0000b000 08:06 1055488                    /lib/x86_64-linux-gnu/libnss_nis-2.19.so
7f1ad4ab8000-7f1ad4acf000 r-xp 00000000 08:06 1055480                    /lib/x86_64-linux-gnu/libnsl-2.19.so
7f1ad4acf000-7f1ad4cce000 ---p 00017000 08:06 1055480                    /lib/x86_64-linux-gnu/libnsl-2.19.so
7f1ad4cce000-7f1ad4ccf000 r--p 00016000 08:06 1055480                    /lib/x86_64-linux-gnu/libnsl-2.19.so
7f1ad4ccf000-7f1ad4cd0000 rw-p 00017000 08:06 1055480                    /lib/x86_64-linux-gnu/libnsl-2.19.so
7f1ad4cd0000-7f1ad4cd2000 rw-p 00000000 00:00 0 
7f1ad4cd2000-7f1ad4cdb000 r-xp 00000000 08:06 1055478                    /lib/x86_64-linux-gnu/libnss_compat-2.19.so
7f1ad4cdb000-7f1ad4eda000 ---p 00009000 08:06 1055478                    /lib/x86_64-linux-gnu/libnss_compat-2.19.so
7f1ad4eda000-7f1ad4edb000 r--p 00008000 08:06 1055478                    /lib/x86_64-linux-gnu/libnss_compat-2.19.so
7f1ad4edb000-7f1ad4edc000 rw-p 00009000 08:06 1055478                    /lib/x86_64-linux-gnu/libnss_compat-2.19.so
7f1ad4edc000-7f1ad4f09000 r-xp 00000000 08:06 1836490                    /usr/lib/jvm/java-8-openjdk-amd64/jre/lib/amd64/libjava.so
7f1ad4f09000-7f1ad5108000 ---p 0002d000 08:06 1836490                    /usr/lib/jvm/java-8-openjdk-amd64/jre/lib/amd64/libjava.so
7f1ad5108000-7f1ad5109000 r--p 0002c000 08:06 1836490                    /usr/lib/jvm/java-8-openjdk-amd64/jre/lib/amd64/libjava.so
7f1ad5109000-7f1ad510b000 rw-p 0002d000 08:06 1836490                    /usr/lib/jvm/java-8-openjdk-amd64/jre/lib/amd64/libjava.so
7f1ad510b000-7f1ad511b000 r-xp 00000000 08:06 1836471                    /usr/lib/jvm/java-8-openjdk-amd64/jre/lib/amd64/libverify.so
7f1ad511b000-7f1ad531a000 ---p 00010000 08:06 1836471                    /usr/lib/jvm/java-8-openjdk-amd64/jre/lib/amd64/libverify.so
7f1ad531a000-7f1ad531c000 r--p 0000f000 08:06 1836471                    /usr/lib/jvm/java-8-openjdk-amd64/jre/lib/amd64/libverify.so
7f1ad531c000-7f1ad531d000 rw-p 00011000 08:06 1836471                    /usr/lib/jvm/java-8-openjdk-amd64/jre/lib/amd64/libverify.so
7f1ad531d000-7f1ad5324000 r-xp 00000000 08:06 1055496                    /lib/x86_64-linux-gnu/librt-2.19.so
7f1ad5324000-7f1ad5523000 ---p 00007000 08:06 1055496                    /lib/x86_64-linux-gnu/librt-2.19.so
7f1ad5523000-7f1ad5524000 r--p 00006000 08:06 1055496                    /lib/x86_64-linux-gnu/librt-2.19.so
7f1ad5524000-7f1ad5525000 rw-p 00007000 08:06 1055496                    /lib/x86_64-linux-gnu/librt-2.19.so
7f1ad5525000-7f1ad553b000 r-xp 00000000 08:06 1052675                    /lib/x86_64-linux-gnu/libgcc_s.so.1
7f1ad553b000-7f1ad573a000 ---p 00016000 08:06 1052675                    /lib/x86_64-linux-gnu/libgcc_s.so.1
7f1ad573a000-7f1ad573b000 rw-p 00015000 08:06 1052675                    /lib/x86_64-linux-gnu/libgcc_s.so.1
7f1ad573b000-7f1ad5840000 r-xp 00000000 08:06 1055468                    /lib/x86_64-linux-gnu/libm-2.19.so
7f1ad5840000-7f1ad5a3f000 ---p 00105000 08:06 1055468                    /lib/x86_64-linux-gnu/libm-2.19.so
7f1ad5a3f000-7f1ad5a40000 r--p 00104000 08:06 1055468                    /lib/x86_64-linux-gnu/libm-2.19.so
7f1ad5a40000-7f1ad5a41000 rw-p 00105000 08:06 1055468                    /lib/x86_64-linux-gnu/libm-2.19.so
7f1ad5a41000-7f1ad5b27000 r-xp 00000000 08:06 132412                     /usr/lib/x86_64-linux-gnu/libstdc++.so.6.0.19
7f1ad5b27000-7f1ad5d26000 ---p 000e6000 08:06 132412                     /usr/lib/x86_64-linux-gnu/libstdc++.so.6.0.19
7f1ad5d26000-7f1ad5d2e000 r--p 000e5000 08:06 132412                     /usr/lib/x86_64-linux-gnu/libstdc++.so.6.0.19
7f1ad5d2e000-7f1ad5d30000 rw-p 000ed000 08:06 132412                     /usr/lib/x86_64-linux-gnu/libstdc++.so.6.0.19
7f1ad5d30000-7f1ad5d45000 rw-p 00000000 00:00 0 
7f1ad5d45000-7f1ad693d000 r-xp 00000000 08:06 1836475                    /usr/lib/jvm/java-8-openjdk-amd64/jre/lib/amd64/server/libjvm.so
7f1ad693d000-7f1ad6b3d000 ---p 00bf8000 08:06 1836475                    /usr/lib/jvm/java-8-openjdk-amd64/jre/lib/amd64/server/libjvm.so
7f1ad6b3d000-7f1ad6bdb000 r--p 00bf8000 08:06 1836475                    /usr/lib/jvm/java-8-openjdk-amd64/jre/lib/amd64/server/libjvm.so
7f1ad6bdb000-7f1ad6c04000 rw-p 00c96000 08:06 1836475                    /usr/lib/jvm/java-8-openjdk-amd64/jre/lib/amd64/server/libjvm.so
7f1ad6c04000-7f1ad6c36000 rw-p 00000000 00:00 0 
7f1ad6c36000-7f1ad6c4f000 r-xp 00000000 08:06 1055482                    /lib/x86_64-linux-gnu/libpthread-2.19.so
7f1ad6c4f000-7f1ad6e4e000 ---p 00019000 08:06 1055482                    /lib/x86_64-linux-gnu/libpthread-2.19.so
7f1ad6e4e000-7f1ad6e4f000 r--p 00018000 08:06 1055482                    /lib/x86_64-linux-gnu/libpthread-2.19.so
7f1ad6e4f000-7f1ad6e50000 rw-p 00019000 08:06 1055482                    /lib/x86_64-linux-gnu/libpthread-2.19.so
7f1ad6e50000-7f1ad6e54000 rw-p 00000000 00:00 0 
7f1ad6e54000-7f1ad6e57000 r-xp 00000000 08:06 1055472                    /lib/x86_64-linux-gnu/libdl-2.19.so
7f1ad6e57000-7f1ad7056000 ---p 00003000 08:06 1055472                    /lib/x86_64-linux-gnu/libdl-2.19.so
7f1ad7056000-7f1ad7057000 r--p 00002000 08:06 1055472                    /lib/x86_64-linux-gnu/libdl-2.19.so
7f1ad7057000-7f1ad7058000 rw-p 00003000 08:06 1055472                    /lib/x86_64-linux-gnu/libdl-2.19.so
7f1ad7058000-7f1ad7070000 r-xp 00000000 08:06 1052829                    /lib/x86_64-linux-gnu/libz.so.1.2.8
7f1ad7070000-7f1ad726f000 ---p 00018000 08:06 1052829                    /lib/x86_64-linux-gnu/libz.so.1.2.8
7f1ad726f000-7f1ad7270000 r--p 00017000 08:06 1052829                    /lib/x86_64-linux-gnu/libz.so.1.2.8
7f1ad7270000-7f1ad7271000 rw-p 00018000 08:06 1052829                    /lib/x86_64-linux-gnu/libz.so.1.2.8
7f1ad7271000-7f1ad742b000 r-xp 00000000 08:06 1055498                    /lib/x86_64-linux-gnu/libc-2.19.so
7f1ad742b000-7f1ad762b000 ---p 001ba000 08:06 1055498                    /lib/x86_64-linux-gnu/libc-2.19.so
7f1ad762b000-7f1ad762f000 r--p 001ba000 08:06 1055498                    /lib/x86_64-linux-gnu/libc-2.19.so
7f1ad762f000-7f1ad7631000 rw-p 001be000 08:06 1055498                    /lib/x86_64-linux-gnu/libc-2.19.so
7f1ad7631000-7f1ad7636000 rw-p 00000000 00:00 0 
7f1ad7636000-7f1ad7643000 r-xp 00000000 08:06 1836486                    /usr/lib/jvm/java-8-openjdk-amd64/jre/lib/amd64/jli/libjli.so
7f1ad7643000-7f1ad7843000 ---p 0000d000 08:06 1836486                    /usr/lib/jvm/java-8-openjdk-amd64/jre/lib/amd64/jli/libjli.so
7f1ad7843000-7f1ad7844000 r--p 0000d000 08:06 1836486                    /usr/lib/jvm/java-8-openjdk-amd64/jre/lib/amd64/jli/libjli.so
7f1ad7844000-7f1ad7845000 rw-p 0000e000 08:06 1836486                    /usr/lib/jvm/java-8-openjdk-amd64/jre/lib/amd64/jli/libjli.so
7f1ad7845000-7f1ad7868000 r-xp 00000000 08:06 1055484                    /lib/x86_64-linux-gnu/ld-2.19.so
7f1ad7868000-7f1ad7869000 r--s 00000000 08:06 1835737                    /usr/lib/jvm/java-8-openjdk-amd64/jre/lib/management-agent.jar
7f1ad7869000-7f1ad786b000 r--s 0001f000 08:06 2494448                    /home/nandhini/Documents/idea-IC-141.2735.5/plugins/junit/lib/junit-rt.jar
7f1ad786b000-7f1ad7875000 r--s 00116000 08:06 1836510                    /usr/lib/jvm/java-8-openjdk-amd64/jre/lib/ext/localedata.jar
7f1ad7875000-7f1ad793f000 rw-p 00000000 00:00 0 
7f1ad793f000-7f1ad7942000 ---p 00000000 00:00 0 
7f1ad7942000-7f1ad7a45000 rw-p 00000000 00:00 0                          [stack:6338]
7f1ad7a45000-7f1ad7a47000 r--s 00016000 08:06 2101724                    /home/nandhini/Documents/idea-IC-141.2735.5/lib/idea_rt.jar
7f1ad7a47000-7f1ad7a48000 r--s 00010000 08:06 1836518                    /usr/lib/jvm/java-8-openjdk-amd64/jre/lib/ext/zipfs.jar
7f1ad7a48000-7f1ad7a49000 r--s 0000a000 08:06 1836514                    /usr/lib/jvm/java-8-openjdk-amd64/jre/lib/ext/jaccess.jar
7f1ad7a49000-7f1ad7a4b000 r--s 00006000 08:06 536951                     /usr/share/java/java-atk-wrapper.jar
7f1ad7a4b000-7f1ad7a4d000 r--s 00001000 08:06 1836512                    /usr/lib/jvm/java-8-openjdk-amd64/jre/lib/ext/dnsns.jar
7f1ad7a4d000-7f1ad7a52000 r--s 0003b000 08:06 1836519                    /usr/lib/jvm/java-8-openjdk-amd64/jre/lib/ext/sunjce_provider.jar
7f1ad7a52000-7f1ad7a54000 r--s 00008000 08:06 1836515                    /usr/lib/jvm/java-8-openjdk-amd64/jre/lib/ext/sunec.jar
7f1ad7a54000-7f1ad7a58000 r--s 00037000 08:06 1836511                    /usr/lib/jvm/java-8-openjdk-amd64/jre/lib/ext/sunpkcs11.jar
7f1ad7a58000-7f1ad7a5b000 r--s 0000f000 08:06 1836516                    /usr/lib/jvm/java-8-openjdk-amd64/jre/lib/ext/icedtea-sound.jar
7f1ad7a5b000-7f1ad7a63000 rw-s 00000000 08:06 4329686                    /tmp/hsperfdata_nandhini/6336
7f1ad7a63000-7f1ad7a64000 rw-p 00000000 00:00 0 
7f1ad7a64000-7f1ad7a65000 r--p 00000000 00:00 0 
7f1ad7a65000-7f1ad7a67000 rw-p 00000000 00:00 0 
7f1ad7a67000-7f1ad7a68000 r--p 00022000 08:06 1055484                    /lib/x86_64-linux-gnu/ld-2.19.so
7f1ad7a68000-7f1ad7a69000 rw-p 00023000 08:06 1055484                    /lib/x86_64-linux-gnu/ld-2.19.so
7f1ad7a69000-7f1ad7a6a000 rw-p 00000000 00:00 0 
7fffc4c50000-7fffc4c73000 rw-p 00000000 00:00 0                          [stack]
7fffc4ce1000-7fffc4ce3000 r-xp 00000000 00:00 0                          [vdso]
7fffc4ce3000-7fffc4ce5000 r--p 00000000 00:00 0                          [vvar]
ffffffffff600000-ffffffffff601000 r-xp 00000000 00:00 0                  [vsyscall]

VM Arguments:
jvm_args: -ea -Didea.launcher.port=7547 -Didea.launcher.bin.path=/home/nandhini/Documents/idea-IC-141.2735.5/bin -Dfile.encoding=UTF-8 
java_command: com.intellij.rt.execution.application.AppMain com.intellij.rt.execution.junit.JUnitStarter -ideVersion5 com.designnet.MainApplicationTest,testApplication
java_class_path (initial): /home/nandhini/Documents/idea-IC-141.2735.5/lib/idea_rt.jar:/home/nandhini/Documents/idea-IC-141.2735.5/plugins/junit/lib/junit-rt.jar:/usr/lib/jvm/java-1.8.0-openjdk-amd64/jre/lib/charsets.jar:/usr/lib/jvm/java-1.8.0-openjdk-amd64/jre/lib/resources.jar:/usr/lib/jvm/java-1.8.0-openjdk-amd64/jre/lib/rt.jar:/usr/lib/jvm/java-1.8.0-openjdk-amd64/jre/lib/jsse.jar:/usr/lib/jvm/java-1.8.0-openjdk-amd64/jre/lib/management-agent.jar:/usr/lib/jvm/java-1.8.0-openjdk-amd64/jre/lib/jce.jar:/usr/lib/jvm/java-1.8.0-openjdk-amd64/jre/lib/ext/icedtea-sound.jar:/usr/lib/jvm/java-1.8.0-openjdk-amd64/jre/lib/ext/sunpkcs11.jar:/usr/lib/jvm/java-1.8.0-openjdk-amd64/jre/lib/ext/sunec.jar:/usr/lib/jvm/java-1.8.0-openjdk-amd64/jre/lib/ext/cldrdata.jar:/usr/lib/jvm/java-1.8.0-openjdk-amd64/jre/lib/ext/nashorn.jar:/usr/lib/jvm/java-1.8.0-openjdk-amd64/jre/lib/ext/sunjce_provider.jar:/usr/lib/jvm/java-1.8.0-openjdk-amd64/jre/lib/ext/localedata.jar:/usr/lib/jvm/java-1.8.0-openjdk-amd64/jre/lib/ext/dnsns.jar:/usr/lib/jvm/java-1.8.0-openjdk-amd64/jre/lib/ext/java-atk-wrapper.jar:/usr/lib/jvm/java-1.8.0-openjdk-amd64/jre/lib/ext/zipfs.jar:/home/nandhini/IdeaProjects/kafkaStream/target/test-classes:/home/nandhini/IdeaProjects/kafkaStream/target/classes:/home/nandhini/.m2/repository/org/springframework/kafka/spring-kafka/1.1.1.RELEASE/spring-kafka-1.1.1.RELEASE.jar:/home/nandhini/.m2/repository/org/springframework/spring-messaging/4.3.3.RELEASE/spring-messaging-4.3.3.RELEASE.jar:/home/nandhini/.m2/repository/org/springframework/spring-beans/4.3.3.RELEASE/spring-beans-4.3.3.RELEASE.jar:/home/nandhini/.m2/repository/org/springframework/spring-context/4.3.3.RELEASE/spring-context-4.3.3.RELEASE.jar:/home/nandhini/.m2/repository/org/springframework/spring-aop/4.3.3.RELEASE/spring-aop-4.3.3.RELEASE.jar:/home/nandhini/.m2/repository/org/springframework/spring-expression/4.3.3.RELEASE/spring-expression-4.3.3.RELEASE.jar:/home/nandhini/.m2/repository/org/springframework/retry/sp
Launcher Type: SUN_STANDARD

Environment Variables:
PATH=/usr/local/sbin:/usr/local/bin:/usr/sbin:/usr/bin:/sbin:/bin:/usr/games:/usr/local/games
LD_LIBRARY_PATH=/home/nandhini/Documents/idea-IC-141.2735.5/bin:
SHELL=/bin/bash
DISPLAY=:0

Signal Handlers:
SIGSEGV: [libjvm.so+0x9fddb0], sa_mask[0]=11111111011111111101111111111110, sa_flags=SA_RESTART|SA_SIGINFO
SIGBUS: [libjvm.so+0x9fddb0], sa_mask[0]=11111111011111111101111111111110, sa_flags=SA_RESTART|SA_SIGINFO
SIGFPE: [libjvm.so+0x85be50], sa_mask[0]=11111111011111111101111111111110, sa_flags=SA_RESTART|SA_SIGINFO
SIGPIPE: [libjvm.so+0x85be50], sa_mask[0]=11111111011111111101111111111110, sa_flags=SA_RESTART|SA_SIGINFO
SIGXFSZ: [libjvm.so+0x85be50], sa_mask[0]=11111111011111111101111111111110, sa_flags=SA_RESTART|SA_SIGINFO
SIGILL: [libjvm.so+0x85be50], sa_mask[0]=11111111011111111101111111111110, sa_flags=SA_RESTART|SA_SIGINFO
SIGUSR1: SIG_DFL, sa_mask[0]=00000000000000000000000000000000, sa_flags=none
SIGUSR2: [libjvm.so+0x85bd20], sa_mask[0]=00100000000000000000000000000000, sa_flags=SA_RESTART|SA_SIGINFO
SIGHUP: [libjvm.so+0x85bf10], sa_mask[0]=11111111011111111101111111111110, sa_flags=SA_RESTART|SA_SIGINFO
SIGINT: [libjvm.so+0x85bf10], sa_mask[0]=11111111011111111101111111111110, sa_flags=SA_RESTART|SA_SIGINFO
SIGTERM: [libjvm.so+0x85bf10], sa_mask[0]=11111111011111111101111111111110, sa_flags=SA_RESTART|SA_SIGINFO
SIGQUIT: [libjvm.so+0x85bf10], sa_mask[0]=11111111011111111101111111111110, sa_flags=SA_RESTART|SA_SIGINFO


---------------  S Y S T E M  ---------------

OS:DISTRIB_ID=Ubuntu
DISTRIB_RELEASE=14.04
DISTRIB_CODENAME=trusty
DISTRIB_DESCRIPTION="Ubuntu 14.04.5 LTS"

uname:Linux 3.16.0-77-generic #99~14.04.1-Ubuntu SMP Tue Jun 28 19:17:10 UTC 2016 x86_64
libc:glibc 2.19 NPTL 2.19 
rlimit: STACK 8192k, CORE 0k, NPROC 30729, NOFILE 4096, AS infinity
load average:0.01 0.15 0.34

/proc/meminfo:
MemTotal:        7888208 kB
MemFree:         1396468 kB
MemAvailable:    2536744 kB
Buffers:           78616 kB
Cached:          1464412 kB
SwapCached:        26528 kB
Active:          4944600 kB
Inactive:        1151208 kB
Active(anon):    4181408 kB
Inactive(anon):   698160 kB
Active(file):     763192 kB
Inactive(file):   453048 kB
Unevictable:         132 kB
Mlocked:             132 kB
SwapTotal:       3900412 kB
SwapFree:        3652088 kB
Dirty:             36224 kB
Writeback:             0 kB
AnonPages:       4544256 kB
Mapped:           391272 kB
Shmem:            326732 kB
Slab:             222072 kB
SReclaimable:     177452 kB
SUnreclaim:        44620 kB
KernelStack:       14256 kB
PageTables:        57780 kB
NFS_Unstable:          0 kB
Bounce:                0 kB
WritebackTmp:          0 kB
CommitLimit:     7844516 kB
Committed_AS:   13157932 kB
VmallocTotal:   34359738367 kB
VmallocUsed:      356304 kB
VmallocChunk:   34359286532 kB
HardwareCorrupted:     0 kB
AnonHugePages:   2344960 kB
HugePages_Total:       0
HugePages_Free:        0
HugePages_Rsvd:        0
HugePages_Surp:        0
Hugepagesize:       2048 kB
DirectMap4k:       86900 kB
DirectMap2M:     4864000 kB
DirectMap1G:     3145728 kB


CPU:total 4 (2 cores per cpu, 2 threads per core) family 6 model 60 stepping 3, cmov, cx8, fxsr, mmx, sse, sse2, sse3, ssse3, sse4.1, sse4.2, popcnt, avx, avx2, aes, clmul, erms, lzcnt, ht, tsc, tscinvbit, bmi1, bmi2

/proc/cpuinfo:
processor	: 0
vendor_id	: GenuineIntel
cpu family	: 6
model		: 60
model name	: Intel(R) Core(TM) i5-4210M CPU @ 2.60GHz
stepping	: 3
microcode	: 0x17
cpu MHz		: 3032.148
cache size	: 3072 KB
physical id	: 0
siblings	: 4
core id		: 0
cpu cores	: 2
apicid		: 0
initial apicid	: 0
fpu		: yes
fpu_exception	: yes
cpuid level	: 13
wp		: yes
flags		: fpu vme de pse tsc msr pae mce cx8 apic sep mtrr pge mca cmov pat pse36 clflush dts acpi mmx fxsr sse sse2 ss ht tm pbe syscall nx pdpe1gb rdtscp lm constant_tsc arch_perfmon pebs bts rep_good nopl xtopology nonstop_tsc aperfmperf eagerfpu pni pclmulqdq dtes64 monitor ds_cpl vmx est tm2 ssse3 fma cx16 xtpr pdcm pcid sse4_1 sse4_2 movbe popcnt tsc_deadline_timer aes xsave avx f16c rdrand lahf_lm abm ida arat epb xsaveopt pln pts dtherm tpr_shadow vnmi flexpriority ept vpid fsgsbase tsc_adjust bmi1 avx2 smep bmi2 erms invpcid
bogomips	: 5188.10
clflush size	: 64
cache_alignment	: 64
address sizes	: 39 bits physical, 48 bits virtual
power management:

processor	: 1
vendor_id	: GenuineIntel
cpu family	: 6
model		: 60
model name	: Intel(R) Core(TM) i5-4210M CPU @ 2.60GHz
stepping	: 3
microcode	: 0x17
cpu MHz		: 3020.164
cache size	: 3072 KB
physical id	: 0
siblings	: 4
core id		: 0
cpu cores	: 2
apicid		: 1
initial apicid	: 1
fpu		: yes
fpu_exception	: yes
cpuid level	: 13
wp		: yes
flags		: fpu vme de pse tsc msr pae mce cx8 apic sep mtrr pge mca cmov pat pse36 clflush dts acpi mmx fxsr sse sse2 ss ht tm pbe syscall nx pdpe1gb rdtscp lm constant_tsc arch_perfmon pebs bts rep_good nopl xtopology nonstop_tsc aperfmperf eagerfpu pni pclmulqdq dtes64 monitor ds_cpl vmx est tm2 ssse3 fma cx16 xtpr pdcm pcid sse4_1 sse4_2 movbe popcnt tsc_deadline_timer aes xsave avx f16c rdrand lahf_lm abm ida arat epb xsaveopt pln pts dtherm tpr_shadow vnmi flexpriority ept vpid fsgsbase tsc_adjust bmi1 avx2 smep bmi2 erms invpcid
bogomips	: 5188.10
clflush size	: 64
cache_alignment	: 64
address sizes	: 39 bits physical, 48 bits virtual
power management:

processor	: 2
vendor_id	: GenuineIntel
cpu family	: 6
model		: 60
model name	: Intel(R) Core(TM) i5-4210M CPU @ 2.60GHz
stepping	: 3
microcode	: 0x17
cpu MHz		: 2835.828
cache size	: 3072 KB
physical id	: 0
siblings	: 4
core id		: 1
cpu cores	: 2
apicid		: 2
initial apicid	: 2
fpu		: yes
fpu_exception	: yes
cpuid level	: 13
wp		: yes
flags		: fpu vme de pse tsc msr pae mce cx8 apic sep mtrr pge mca cmov pat pse36 clflush dts acpi mmx fxsr sse sse2 ss ht tm pbe syscall nx pdpe1gb rdtscp lm constant_tsc arch_perfmon pebs bts rep_good nopl xtopology nonstop_tsc aperfmperf eagerfpu pni pclmulqdq dtes64 monitor ds_cpl vmx est tm2 ssse3 fma cx16 xtpr pdcm pcid sse4_1 sse4_2 movbe popcnt tsc_deadline_timer aes xsave avx f16c rdrand lahf_lm abm ida arat epb xsaveopt pln pts dtherm tpr_shadow vnmi flexpriority ept vpid fsgsbase tsc_adjust bmi1 avx2 smep bmi2 erms invpcid
bogomips	: 5188.10
clflush size	: 64
cache_alignment	: 64
address sizes	: 39 bits physical, 48 bits virtual
power management:

processor	: 3
vendor_id	: GenuineIntel
cpu family	: 6
model		: 60
model name	: Intel(R) Core(TM) i5-4210M CPU @ 2.60GHz
stepping	: 3
microcode	: 0x17
cpu MHz		: 3052.359
cache size	: 3072 KB
physical id	: 0
siblings	: 4
core id		: 1
cpu cores	: 2
apicid		: 3
initial apicid	: 3
fpu		: yes
fpu_exception	: yes
cpuid level	: 13
wp		: yes
flags		: fpu vme de pse tsc msr pae mce cx8 apic sep mtrr pge mca cmov pat pse36 clflush dts acpi mmx fxsr sse sse2 ss ht tm pbe syscall nx pdpe1gb rdtscp lm constant_tsc arch_perfmon pebs bts rep_good nopl xtopology nonstop_tsc aperfmperf eagerfpu pni pclmulqdq dtes64 monitor ds_cpl vmx est tm2 ssse3 fma cx16 xtpr pdcm pcid sse4_1 sse4_2 movbe popcnt tsc_deadline_timer aes xsave avx f16c rdrand lahf_lm abm ida arat epb xsaveopt pln pts dtherm tpr_shadow vnmi flexpriority ept vpid fsgsbase tsc_adjust bmi1 avx2 smep bmi2 erms invpcid
bogomips	: 5188.10
clflush size	: 64
cache_alignment	: 64
address sizes	: 39 bits physical, 48 bits virtual
power management:



Memory: 4k page, physical 7888208k(1396468k free), swap 3900412k(3652088k free)

vm_info: OpenJDK 64-Bit Server VM (25.111-b14) for linux-amd64 JRE (1.8.0_111-8u111-b14-3~14.04.1-b14), built on Nov  5 2016 13:21:07 by "buildd" with gcc 4.8.4

time: Mon Jan 16 16:16:32 2017
elapsed time: 3 seconds (0d 0h 0m 3s)

